::1 - - [19/Apr/2023:19:30:03 +0000] "PATCH /users/avatars HTTP/1.1" 404 23 "-" "PostmanRuntime/7.32.2"
::1 - - [19/Apr/2023:19:46:40 +0000] "PATCH /users/avatars HTTP/1.1" 404 23 "-" "PostmanRuntime/7.32.2"
::1 - - [19/Apr/2023:19:46:54 +0000] "PATCH /users/avatars HTTP/1.1" 404 23 "-" "PostmanRuntime/7.32.2"
::1 - - [20/Apr/2023:12:45:04 +0000] "PATCH /users/ HTTP/1.1" 404 23 "-" "PostmanRuntime/7.32.2"
::1 - - [20/Apr/2023:12:45:12 +0000] "PATCH /users HTTP/1.1" 404 23 "-" "PostmanRuntime/7.32.2"
::1 - - [20/Apr/2023:12:46:12 +0000] "GET /api/contacts HTTP/1.1" 401 28 "-" "PostmanRuntime/7.32.2"
::1 - - [20/Apr/2023:12:51:20 +0000] "PATCH /users/avatars HTTP/1.1" 401 28 "-" "PostmanRuntime/7.32.2"
::1 - - [20/Apr/2023:13:09:04 +0000] "GET /users/current HTTP/1.1" 401 28 "-" "PostmanRuntime/7.32.2"
::1 - - [20/Apr/2023:13:09:24 +0000] "GET /users/current HTTP/1.1" 401 28 "-" "PostmanRuntime/7.32.2"
::1 - - [20/Apr/2023:13:09:31 +0000] "GET /users/current HTTP/1.1" 401 28 "-" "PostmanRuntime/7.32.2"
::1 - - [29/Apr/2023:14:27:47 +0000] "PATCH /users HTTP/1.1" 404 23 "-" "PostmanRuntime/7.32.2"
::1 - - [29/Apr/2023:14:28:02 +0000] "PATCH /users HTTP/1.1" 404 23 "-" "PostmanRuntime/7.32.2"
::1 - - [29/Apr/2023:14:28:35 +0000] "PATCH /users HTTP/1.1" 404 23 "-" "PostmanRuntime/7.32.2"
::1 - - [29/Apr/2023:14:31:05 +0000] "PATCH /users HTTP/1.1" 404 23 "-" "PostmanRuntime/7.32.2"
::1 - - [29/Apr/2023:14:32:07 +0000] "PATCH /users HTTP/1.1" 404 23 "-" "PostmanRuntime/7.32.2"
::1 - - [29/Apr/2023:14:37:07 +0000] "PATCH /users HTTP/1.1" 404 23 "-" "PostmanRuntime/7.32.2"
::1 - - [29/Apr/2023:14:37:56 +0000] "PATCH /users HTTP/1.1" 404 23 "-" "PostmanRuntime/7.32.2"
::1 - - [29/Apr/2023:14:38:35 +0000] "PATCH /users HTTP/1.1" 404 23 "-" "PostmanRuntime/7.32.2"
::1 - - [29/Apr/2023:15:01:25 +0000] "POST /users/verify HTTP/1.1" 400 35 "-" "PostmanRuntime/7.32.2"
::1 - - [29/Apr/2023:15:12:15 +0000] "POST /users/verify HTTP/1.1" 400 35 "-" "PostmanRuntime/7.32.2"
::1 - - [29/Apr/2023:15:12:51 +0000] "POST /users/verify HTTP/1.1" 400 35 "-" "PostmanRuntime/7.32.2"
::1 - - [29/Apr/2023:15:13:33 +0000] "POST /users/verify HTTP/1.1" 400 42 "-" "PostmanRuntime/7.32.2"
